<?xml version="1.0" encoding="UTF-8"?>
<!-- Generated by org.testng.reporters.JUnitXMLReporter -->
<testsuite hostname="DESKTOP-8IQA0EJ" ignored="1" name="Test" tests="2" failures="1" timestamp="2020-11-02T17:48:57 IST" time="8.403" errors="0">
  <testcase name="invokeBrowser" time="8.348" classname="day3.Guru99ProjectDependencyGroups"/>
  <testcase name="loginToApplication" time="0.0" classname="day3.Guru99ProjectDependencyGroups">
    <failure type="org.testng.TestNGException" message="
Parameter &amp;apos;userId&amp;apos; is required by @Test on method loginToApplication but has not been marked @Optional or defined
in C:\Users\SAURABH\git\learning-selenium-24-10-2020\LearningSelenium-24102020\dependencyTestingOnGroup.xml">
      <![CDATA[org.testng.TestNGException: 
Parameter 'userId' is required by @Test on method loginToApplication but has not been marked @Optional or defined
in C:\Users\SAURABH\git\learning-selenium-24-10-2020\LearningSelenium-24102020\dependencyTestingOnGroup.xml
at java.util.ArrayList.forEach(Unknown Source)
... Removed 26 stack frames]]>
    </failure>
  </testcase> <!-- loginToApplication -->
  <testcase name="closeBrowser" time="0.0" classname="day3.Guru99ProjectDependencyGroups">
    <ignored/>
  </testcase> <!-- closeBrowser -->
</testsuite> <!-- Test -->
